[INFO] Scanning for projects...
Downloading from central: https://repo.maven.apache.org/maven2/io/github/git-commit-id/maven-metadata.xml
Downloading from central: https://repo.maven.apache.org/maven2/org/springframework/boot/maven-metadata.xml
Downloading from central: https://repo.maven.apache.org/maven2/org/cyclonedx/maven-metadata.xml
Downloading from central: https://repo.maven.apache.org/maven2/org/flywaydb/maven-metadata.xml
Progress (1): 243 B
Progress (2): 243 B | 234 B
Progress (3): 243 B | 234 B | 249 B
Progress (4): 243 B | 234 B | 249 B | 255 B
                                           
Downloaded from central: https://repo.maven.apache.org/maven2/org/flywaydb/maven-metadata.xml (234 B at 711 B/s)
Downloaded from central: https://repo.maven.apache.org/maven2/io/github/git-commit-id/maven-metadata.xml (255 B at 775 B/s)
Downloaded from central: https://repo.maven.apache.org/maven2/org/cyclonedx/maven-metadata.xml (243 B at 738 B/s)
Downloaded from central: https://repo.maven.apache.org/maven2/org/springframework/boot/maven-metadata.xml (249 B at 754 B/s)
Downloading from central: https://repo.maven.apache.org/maven2/org/jooq/maven-metadata.xml
Downloading from central: https://repo.maven.apache.org/maven2/org/liquibase/maven-metadata.xml
Downloading from central: https://repo.maven.apache.org/maven2/org/jetbrains/kotlin/maven-metadata.xml
Downloading from central: https://repo.maven.apache.org/maven2/org/graalvm/buildtools/maven-metadata.xml
Progress (1): 242 B
Progress (2): 242 B | 398 B
Progress (3): 242 B | 398 B | 375 B
Progress (4): 242 B | 398 B | 375 B | 394 B
                                           
Downloaded from central: https://repo.maven.apache.org/maven2/org/graalvm/buildtools/maven-metadata.xml (242 B at 10 kB/s)
Downloaded from central: https://repo.maven.apache.org/maven2/org/jooq/maven-metadata.xml (398 B at 15 kB/s)
Downloaded from central: https://repo.maven.apache.org/maven2/org/jetbrains/kotlin/maven-metadata.xml (375 B at 14 kB/s)
Downloaded from central: https://repo.maven.apache.org/maven2/org/liquibase/maven-metadata.xml (394 B at 14 kB/s)
Downloading from central: https://repo.maven.apache.org/maven2/org/apache/maven/plugins/maven-metadata.xml
Downloading from central: https://repo.maven.apache.org/maven2/org/codehaus/mojo/maven-metadata.xml
Progress (1): 3.1 kB
Progress (2): 3.1 kB | 4.6 kB
Progress (2): 7.7 kB | 4.6 kB
Progress (2): 7.7 kB | 9.7 kB
Progress (2): 7.7 kB | 14 kB 
Progress (2): 12 kB | 14 kB 
Progress (2): 17 kB | 14 kB
Progress (2): 20 kB | 14 kB
Progress (2): 21 kB | 14 kB
                           
Downloaded from central: https://repo.maven.apache.org/maven2/org/apache/maven/plugins/maven-metadata.xml (14 kB at 549 kB/s)
Downloaded from central: https://repo.maven.apache.org/maven2/org/codehaus/mojo/maven-metadata.xml (21 kB at 469 kB/s)
[INFO] 
[INFO] ----------------< com.sb.microservice:serviceregistry >-----------------
[INFO] Building  0.0.1-SNAPSHOT
[INFO]   from pom.xml
[INFO] --------------------------------[ jar ]---------------------------------
[INFO] 
[INFO] >>> spring-boot:4.0.3:run (default-cli) > test-compile @ serviceregistry >>>
[INFO] 
[INFO] --- resources:3.3.1:resources (default-resources) @ serviceregistry ---
[INFO] Copying 2 resources from src\main\resources to target\classes
[INFO] Copying 0 resource from src\main\resources to target\classes
[INFO] 
[INFO] --- compiler:3.14.1:compile (default-compile) @ serviceregistry ---
[INFO] Nothing to compile - all classes are up to date.
[INFO] 
[INFO] --- resources:3.3.1:testResources (default-testResources) @ serviceregistry ---
[INFO] skip non existing resourceDirectory C:\Users\sanch\OneDrive\Desktop\minip\microservices\serviceregistry\src\test\resources
[INFO] 
[INFO] --- compiler:3.14.1:testCompile (default-testCompile) @ serviceregistry ---
[INFO] Nothing to compile - all classes are up to date.
[INFO] 
[INFO] <<< spring-boot:4.0.3:run (default-cli) < test-compile @ serviceregistry <<<
[INFO] 
[INFO] 
[INFO] --- spring-boot:4.0.3:run (default-cli) @ serviceregistry ---
[INFO] Attaching agents: []

  .   ____          _            __ _ _
 /\\ / ___'_ __ _ _(_)_ __  __ _ \ \ \ \
( ( )\___ | '_ | '_| | '_ \/ _` | \ \ \ \
 \\/  ___)| |_)| | | | | || (_| |  ) ) ) )
  '  |____| .__|_| |_|_| |_\__, | / / / /
 =========|_|==============|___/=/_/_/_/

 :: Spring Boot ::                (v4.0.3)

2026-03-31T03:04:40.960+05:30  INFO 24724 --- [serviceregistry] [  restartedMain] c.s.m.s.ServiceRegistryApplication       : Starting ServiceRegistryApplication using Java 22 with PID 24724 (C:\Users\sanch\OneDrive\Desktop\minip\microservices\serviceregistry\target\classes started by sanch in C:\Users\sanch\OneDrive\Desktop\minip\microservices\serviceregistry)
2026-03-31T03:04:40.963+05:30  INFO 24724 --- [serviceregistry] [  restartedMain] c.s.m.s.ServiceRegistryApplication       : No active profile set, falling back to 1 default profile: "default"
2026-03-31T03:04:41.015+05:30  INFO 24724 --- [serviceregistry] [  restartedMain] .e.DevToolsPropertyDefaultsPostProcessor : Devtools property defaults active! Set 'spring.devtools.add-properties' to 'false' to disable
2026-03-31T03:04:41.016+05:30  INFO 24724 --- [serviceregistry] [  restartedMain] .e.DevToolsPropertyDefaultsPostProcessor : For additional web related logging consider setting the 'logging.level.web' property to 'DEBUG'
2026-03-31T03:04:41.870+05:30  INFO 24724 --- [serviceregistry] [  restartedMain] o.s.cloud.context.scope.GenericScope     : BeanFactory id=c75bf76d-6e09-34b5-9bc8-9714d35c220d
2026-03-31T03:04:42.225+05:30  INFO 24724 --- [serviceregistry] [  restartedMain] o.s.boot.tomcat.TomcatWebServer          : Tomcat initialized with port 8761 (http)
2026-03-31T03:04:42.239+05:30  INFO 24724 --- [serviceregistry] [  restartedMain] o.apache.catalina.core.StandardService   : Starting service [Tomcat]
2026-03-31T03:04:42.239+05:30  INFO 24724 --- [serviceregistry] [  restartedMain] o.apache.catalina.core.StandardEngine    : Starting Servlet engine: [Apache Tomcat/11.0.18]
2026-03-31T03:04:42.290+05:30  INFO 24724 --- [serviceregistry] [  restartedMain] b.w.c.s.WebApplicationContextInitializer : Root WebApplicationContext: initialization completed in 1274 ms
2026-03-31T03:04:42.983+05:30  INFO 24724 --- [serviceregistry] [  restartedMain] c.n.d.provider.DiscoveryJerseyProvider   : Using JSON encoding codec LegacyJacksonJson
2026-03-31T03:04:42.984+05:30  INFO 24724 --- [serviceregistry] [  restartedMain] c.n.d.provider.DiscoveryJerseyProvider   : Using JSON decoding codec LegacyJacksonJson
2026-03-31T03:04:43.117+05:30  INFO 24724 --- [serviceregistry] [  restartedMain] c.n.d.provider.DiscoveryJerseyProvider   : Using XML encoding codec XStreamXml
2026-03-31T03:04:43.117+05:30  INFO 24724 --- [serviceregistry] [  restartedMain] c.n.d.provider.DiscoveryJerseyProvider   : Using XML decoding codec XStreamXml
2026-03-31T03:04:43.249+05:30  INFO 24724 --- [serviceregistry] [  restartedMain] o.s.v.b.OptionalValidatorFactoryBean     : Failed to set up a Bean Validation provider: jakarta.validation.NoProviderFoundException: Unable to create a Configuration, because no Jakarta Validation provider could be found. Add a provider like Hibernate Validator (RI) to your classpath.
2026-03-31T03:04:43.771+05:30  WARN 24724 --- [serviceregistry] [  restartedMain] iguration$LoadBalancerCaffeineWarnLogger : Spring Cloud LoadBalancer is currently working with the default cache. While this cache implementation is useful for development and tests, it's recommended to use Caffeine cache in production.You can switch to using Caffeine cache, by adding it and org.springframework.cache.caffeine.CaffeineCacheManager to the classpath.
2026-03-31T03:04:43.791+05:30  INFO 24724 --- [serviceregistry] [  restartedMain] o.s.c.n.eureka.InstanceInfoFactory       : Setting initial instance status as: STARTING
2026-03-31T03:04:43.816+05:30  INFO 24724 --- [serviceregistry] [  restartedMain] com.netflix.discovery.DiscoveryClient    : Initializing Eureka in region us-east-1
2026-03-31T03:04:43.817+05:30  INFO 24724 --- [serviceregistry] [  restartedMain] com.netflix.discovery.DiscoveryClient    : Client configured to neither register nor query for data.
2026-03-31T03:04:43.823+05:30  INFO 24724 --- [serviceregistry] [  restartedMain] com.netflix.discovery.DiscoveryClient    : Discovery Client initialized at timestamp 1774906483821 with initial instances count: 0
2026-03-31T03:04:43.882+05:30  INFO 24724 --- [serviceregistry] [  restartedMain] c.n.eureka.DefaultEurekaServerContext    : Initializing ...
2026-03-31T03:04:43.884+05:30  WARN 24724 --- [serviceregistry] [  restartedMain] c.n.eureka.cluster.PeerEurekaNodes       : The replica size seems to be empty. Check the route 53 DNS Registry
2026-03-31T03:04:43.896+05:30  INFO 24724 --- [serviceregistry] [  restartedMain] c.n.e.registry.AbstractInstanceRegistry  : Finished initializing remote region registries. All known remote regions: []
2026-03-31T03:04:43.896+05:30  INFO 24724 --- [serviceregistry] [  restartedMain] c.n.eureka.DefaultEurekaServerContext    : Initialized
2026-03-31T03:04:43.904+05:30  INFO 24724 --- [serviceregistry] [  restartedMain] o.s.b.a.e.web.EndpointLinksResolver      : Exposing 1 endpoint beneath base path '/actuator'
2026-03-31T03:04:43.951+05:30  INFO 24724 --- [serviceregistry] [  restartedMain] o.s.c.n.e.s.EurekaServiceRegistry        : Registering application SERVICEREGISTRY with eureka with status UP
2026-03-31T03:04:43.962+05:30  INFO 24724 --- [serviceregistry] [      Thread-13] o.s.c.n.e.server.EurekaServerBootstrap   : isAws returned false
2026-03-31T03:04:43.962+05:30  INFO 24724 --- [serviceregistry] [      Thread-13] o.s.c.n.e.server.EurekaServerBootstrap   : Initialized server context
2026-03-31T03:04:43.962+05:30  INFO 24724 --- [serviceregistry] [      Thread-13] c.n.e.r.PeerAwareInstanceRegistryImpl    : Got 1 instances from neighboring DS node
2026-03-31T03:04:43.962+05:30  INFO 24724 --- [serviceregistry] [      Thread-13] c.n.e.r.PeerAwareInstanceRegistryImpl    : Renew threshold is: 1
2026-03-31T03:04:43.963+05:30  INFO 24724 --- [serviceregistry] [      Thread-13] c.n.e.r.PeerAwareInstanceRegistryImpl    : Changing status to UP
2026-03-31T03:04:43.963+05:30  INFO 24724 --- [serviceregistry] [  restartedMain] o.s.c.n.e.s.EurekaServiceRegistry        : Unregistering application SERVICEREGISTRY with eureka with status DOWN
2026-03-31T03:04:43.963+05:30  WARN 24724 --- [serviceregistry] [  restartedMain] ConfigServletWebServerApplicationContext : Exception encountered during context initialization - cancelling refresh attempt: org.springframework.context.ApplicationContextException: Failed to start bean 'webServerStartStop'
2026-03-31T03:04:43.964+05:30  INFO 24724 --- [serviceregistry] [  restartedMain] c.n.eureka.DefaultEurekaServerContext    : Shutting down ...
2026-03-31T03:04:43.965+05:30  INFO 24724 --- [serviceregistry] [  restartedMain] c.n.eureka.DefaultEurekaServerContext    : Shut down
2026-03-31T03:04:43.966+05:30  INFO 24724 --- [serviceregistry] [      Thread-13] e.s.EurekaServerInitializerConfiguration : Started Eureka Server
2026-03-31T03:04:43.969+05:30  INFO 24724 --- [serviceregistry] [  restartedMain] com.netflix.discovery.DiscoveryClient    : Shutting down DiscoveryClient ...
2026-03-31T03:04:43.969+05:30  INFO 24724 --- [serviceregistry] [  restartedMain] com.netflix.discovery.DiscoveryClient    : Completed shut down of DiscoveryClient
2026-03-31T03:04:43.983+05:30  INFO 24724 --- [serviceregistry] [  restartedMain] .s.b.a.l.ConditionEvaluationReportLogger : 

Error starting ApplicationContext. To display the condition evaluation report re-run your application with 'debug' enabled.
2026-03-31T03:04:43.996+05:30 ERROR 24724 --- [serviceregistry] [  restartedMain] o.s.b.d.LoggingFailureAnalysisReporter   : 

***************************
APPLICATION FAILED TO START
***************************

Description:

Web server failed to start. Port 8761 was already in use.

Action:

Identify and stop the process that's listening on port 8761 or configure this application to listen on another port.

[INFO] ------------------------------------------------------------------------
[INFO] BUILD SUCCESS
[INFO] ------------------------------------------------------------------------
[INFO] Total time:  6.948 s
[INFO] Finished at: 2026-03-31T03:04:44+05:30
[INFO] ------------------------------------------------------------------------
